# JRE version: Java(TM) SE Runtime Environment (8.0_101-b13) (build 1.8.0_101-b13)
# Java VM: Java HotSpot(TM) 64-Bit Server VM (25.101-b13 mixed mode linux-amd64 compressed oops)
Heap:
 PSYoungGen      total 270848K, used 235872K [0x000000076ce00000, 0x000000077e700000, 0x00000007c0000000)
  eden space 257024K, 90% used [0x000000076ce00000,0x000000077b2602c8,0x000000077c900000)
  from space 13824K, 14% used [0x000000077d780000,0x000000077d978000,0x000000077e500000)
  to   space 14848K, 0% used [0x000000077c900000,0x000000077c900000,0x000000077d780000)
 ParOldGen       total 171008K, used 13281K [0x00000006c6a00000, 0x00000006d1100000, 0x000000076ce00000)
  object space 171008K, 7% used [0x00000006c6a00000,0x00000006c76f85b8,0x00000006d1100000)
 Metaspace       used 18063K, capacity 18326K, committed 18560K, reserved 1064960K
  class space    used 2239K, capacity 2325K, committed 2432K, reserved 1048576K
GC Heap History (10 events):
Event: 16,021 GC heap before
{Heap before GC invocations=4 (full 0):
 PSYoungGen      total 74752K, used 74727K [0x000000076ce00000, 0x0000000772100000, 0x00000007c0000000)
  eden space 64512K, 100% used [0x000000076ce00000,0x0000000770d00000,0x0000000770d00000)
  from space 10240K, 99% used [0x0000000770d00000,0x00000007716f9d28,0x0000000771700000)
  to   space 10240K, 0% used [0x0000000771700000,0x0000000771700000,0x0000000772100000)
 ParOldGen       total 171008K, used 2735K [0x00000006c6a00000, 0x00000006d1100000, 0x000000076ce00000)
  object space 171008K, 1% used [0x00000006c6a00000,0x00000006c6cabeb8,0x00000006d1100000)
 Metaspace       used 16235K, capacity 16370K, committed 16640K, reserved 1064960K
  class space    used 1942K, capacity 1997K, committed 2048K, reserved 1048576K
Event: 16,036 GC heap after
Heap after GC invocations=4 (full 0):
 PSYoungGen      total 74752K, used 10227K [0x000000076ce00000, 0x0000000776000000, 0x00000007c0000000)
  eden space 64512K, 0% used [0x000000076ce00000,0x000000076ce00000,0x0000000770d00000)
  from space 10240K, 99% used [0x0000000771700000,0x00000007720fcda8,0x0000000772100000)
  to   space 10240K, 0% used [0x0000000770d00000,0x0000000770d00000,0x0000000771700000)
 ParOldGen       total 171008K, used 3031K [0x00000006c6a00000, 0x00000006d1100000, 0x000000076ce00000)
  object space 171008K, 1% used [0x00000006c6a00000,0x00000006c6cf5eb8,0x00000006d1100000)
 Metaspace       used 16235K, capacity 16370K, committed 16640K, reserved 1064960K
  class space    used 1942K, capacity 1997K, committed 2048K, reserved 1048576K
}
Event: 16,194 GC heap before
{Heap before GC invocations=5 (full 0):
 PSYoungGen      total 74752K, used 74739K [0x000000076ce00000, 0x0000000776000000, 0x00000007c0000000)
  eden space 64512K, 100% used [0x000000076ce00000,0x0000000770d00000,0x0000000770d00000)
  from space 10240K, 99% used [0x0000000771700000,0x00000007720fcda8,0x0000000772100000)
  to   space 10240K, 0% used [0x0000000770d00000,0x0000000770d00000,0x0000000771700000)
 ParOldGen       total 171008K, used 3031K [0x00000006c6a00000, 0x00000006d1100000, 0x000000076ce00000)
  object space 171008K, 1% used [0x00000006c6a00000,0x00000006c6cf5eb8,0x00000006d1100000)
 Metaspace       used 16280K, capacity 16434K, committed 16640K, reserved 1064960K
  class space    used 1942K, capacity 1997K, committed 2048K, reserved 1048576K
Event: 16,222 GC heap after
Heap after GC invocations=5 (full 0):
 PSYoungGen      total 74752K, used 10227K [0x000000076ce00000, 0x0000000776500000, 0x00000007c0000000)
  eden space 64512K, 0% used [0x000000076ce00000,0x000000076ce00000,0x0000000770d00000)
  from space 10240K, 99% used [0x0000000770d00000,0x00000007716fccd0,0x0000000771700000)
  to   space 12800K, 0% used [0x0000000775880000,0x0000000775880000,0x0000000776500000)
 ParOldGen       total 171008K, used 3271K [0x00000006c6a00000, 0x00000006d1100000, 0x000000076ce00000)
  object space 171008K, 1% used [0x00000006c6a00000,0x00000006c6d31eb8,0x00000006d1100000)
 Metaspace       used 16280K, capacity 16434K, committed 16640K, reserved 1064960K
  class space    used 1942K, capacity 1997K, committed 2048K, reserved 1048576K
}
Event: 16,353 GC heap before
{Heap before GC invocations=6 (full 0):
 PSYoungGen      total 74752K, used 74739K [0x000000076ce00000, 0x0000000776500000, 0x00000007c0000000)
  eden space 64512K, 100% used [0x000000076ce00000,0x0000000770d00000,0x0000000770d00000)
  from space 10240K, 99% used [0x0000000770d00000,0x00000007716fccd0,0x0000000771700000)
  to   space 12800K, 0% used [0x0000000775880000,0x0000000775880000,0x0000000776500000)
 ParOldGen       total 171008K, used 3271K [0x00000006c6a00000, 0x00000006d1100000, 0x000000076ce00000)
  object space 171008K, 1% used [0x00000006c6a00000,0x00000006c6d31eb8,0x00000006d1100000)
 Metaspace       used 16298K, capacity 16434K, committed 16640K, reserved 1064960K
  class space    used 1942K, capacity 1997K, committed 2048K, reserved 1048576K
Event: 16,379 GC heap after
Heap after GC invocations=6 (full 0):
 PSYoungGen      total 140800K, used 10695K [0x000000076ce00000, 0x0000000776400000, 0x00000007c0000000)
  eden space 129024K, 0% used [0x000000076ce00000,0x000000076ce00000,0x0000000774c00000)
  from space 11776K, 90% used [0x0000000775880000,0x00000007762f1e00,0x0000000776400000)
  to   space 12288K, 0% used [0x0000000774c00000,0x0000000774c00000,0x0000000775800000)
 ParOldGen       total 171008K, used 3279K [0x00000006c6a00000, 0x00000006d1100000, 0x000000076ce00000)
  object space 171008K, 1% used [0x00000006c6a00000,0x00000006c6d33eb8,0x00000006d1100000)
 Metaspace       used 16298K, capacity 16434K, committed 16640K, reserved 1064960K
  class space    used 1942K, capacity 1997K, committed 2048K, reserved 1048576K
}
Event: 16,714 GC heap before
{Heap before GC invocations=7 (full 0):
 PSYoungGen      total 140800K, used 139719K [0x000000076ce00000, 0x0000000776400000, 0x00000007c0000000)
  eden space 129024K, 100% used [0x000000076ce00000,0x0000000774c00000,0x0000000774c00000)
  from space 11776K, 90% used [0x0000000775880000,0x00000007762f1e00,0x0000000776400000)
  to   space 12288K, 0% used [0x0000000774c00000,0x0000000774c00000,0x0000000775800000)
 ParOldGen       total 171008K, used 3279K [0x00000006c6a00000, 0x00000006d1100000, 0x000000076ce00000)
  object space 171008K, 1% used [0x00000006c6a00000,0x00000006c6d33eb8,0x00000006d1100000)
 Metaspace       used 16328K, capacity 16498K, committed 16640K, reserved 1064960K
  class space    used 1942K, capacity 1997K, committed 2048K, reserved 1048576K
Event: 16,754 GC heap after
Heap after GC invocations=7 (full 0):
 PSYoungGen      total 141312K, used 4032K [0x000000076ce00000, 0x000000077e500000, 0x00000007c0000000)
  eden space 129024K, 0% used [0x000000076ce00000,0x000000076ce00000,0x0000000774c00000)
  from space 12288K, 32% used [0x0000000774c00000,0x0000000774ff0000,0x0000000775800000)
  to   space 13824K, 0% used [0x000000077d780000,0x000000077d780000,0x000000077e500000)
 ParOldGen       total 171008K, used 10633K [0x00000006c6a00000, 0x00000006d1100000, 0x000000076ce00000)
  object space 171008K, 6% used [0x00000006c6a00000,0x00000006c74625a8,0x00000006d1100000)
 Metaspace       used 16328K, capacity 16498K, committed 16640K, reserved 1064960K
  class space    used 1942K, capacity 1997K, committed 2048K, reserved 1048576K
}
Event: 17,098 GC heap before
{Heap before GC invocations=8 (full 0):
 PSYoungGen      total 141312K, used 133056K [0x000000076ce00000, 0x000000077e500000, 0x00000007c0000000)
  eden space 129024K, 100% used [0x000000076ce00000,0x0000000774c00000,0x0000000774c00000)
  from space 12288K, 32% used [0x0000000774c00000,0x0000000774ff0000,0x0000000775800000)
  to   space 13824K, 0% used [0x000000077d780000,0x000000077d780000,0x000000077e500000)
 ParOldGen       total 171008K, used 10633K [0x00000006c6a00000, 0x00000006d1100000, 0x000000076ce00000)
  object space 171008K, 6% used [0x00000006c6a00000,0x00000006c74625a8,0x00000006d1100000)
 Metaspace       used 16333K, capacity 16498K, committed 16640K, reserved 1064960K
  class space    used 1942K, capacity 1997K, committed 2048K, reserved 1048576K
Event: 17,114 GC heap after
Heap after GC invocations=8 (full 0):
 PSYoungGen      total 270848K, used 2016K [0x000000076ce00000, 0x000000077e700000, 0x00000007c0000000)
  eden space 257024K, 0% used [0x000000076ce00000,0x000000076ce00000,0x000000077c900000)
  from space 13824K, 14% used [0x000000077d780000,0x000000077d978000,0x000000077e500000)
  to   space 14848K, 0% used [0x000000077c900000,0x000000077c900000,0x000000077d780000)
 ParOldGen       total 171008K, used 13281K [0x00000006c6a00000, 0x00000006d1100000, 0x000000076ce00000)
  object space 171008K, 7% used [0x00000006c6a00000,0x00000006c76f85b8,0x00000006d1100000)
 Metaspace       used 16333K, capacity 16498K, committed 16640K, reserved 1064960K
  class space    used 1942K, capacity 1997K, committed 2048K, reserved 1048576K
}

